## Footprint report - date 02/25/21 15:36:00
## Created by Pcbnew version kicad (5.1.9)-1
## Unit = inches, Angle = deg.

$BeginDESCRIPTION

$BOARD
upper_left_corner  4.948075  3.634528
lower_right_corner  6.523071  4.636267
$EndBOARD

$MODULE "U5"
reference "U5"
value "STC3100IQT"
footprint "RS485_Mayfly:DFN8_3X3X1_STM"
attribut smd
position  5.150996  4.223803  orientation 90.00
layer front
$PAD "9"
Shape Rect Layer front
position  0.000000  0.000000  size  0.069000  0.106000  orientation 0.00
drill  0.000000
shape_offset  0.000000  0.000000
$EndPAD
$PAD "8"
Shape Rect Layer front
position  0.058000 -0.029528  size  0.032000  0.010000  orientation 0.00
drill  0.000000
shape_offset  0.000000  0.000000
$EndPAD
$PAD "7"
Shape Rect Layer front
position  0.058000 -0.009843  size  0.032000  0.010000  orientation 0.00
drill  0.000000
shape_offset  0.000000  0.000000
$EndPAD
$PAD "6"
Shape Rect Layer front
position  0.058000  0.009843  size  0.032000  0.010000  orientation 0.00
drill  0.000000
shape_offset  0.000000  0.000000
$EndPAD
$PAD "5"
Shape Rect Layer front
position  0.058000  0.029528  size  0.032000  0.010000  orientation 0.00
drill  0.000000
shape_offset  0.000000  0.000000
$EndPAD
$PAD "4"
Shape Rect Layer front
position -0.058000  0.029528  size  0.032000  0.010000  orientation 0.00
drill  0.000000
shape_offset  0.000000  0.000000
$EndPAD
$PAD "3"
Shape Rect Layer front
position -0.058000  0.009843  size  0.032000  0.010000  orientation 0.00
drill  0.000000
shape_offset  0.000000  0.000000
$EndPAD
$PAD "2"
Shape Rect Layer front
position -0.058000 -0.009843  size  0.032000  0.010000  orientation 0.00
drill  0.000000
shape_offset  0.000000  0.000000
$EndPAD
$PAD "1"
Shape Rect Layer front
position -0.058000 -0.029528  size  0.032000  0.010000  orientation 0.00
drill  0.000000
shape_offset  0.000000  0.000000
$EndPAD
$EndMODULE  U5

$MODULE "R5"
reference "R5"
value "30mOhm"
footprint "Resistor_SMD:R_0603_1608Metric_Pad0.98x0.95mm_HandSolder"
attribut smd
position  5.038996  4.181728  orientation 270.00
layer front
$PAD "2"
Shape Roundrect Layer front
position  0.035925  0.000000  size  0.038386  0.037402  orientation 0.00
drill  0.000000
shape_offset  0.000000  0.000000
$EndPAD
$PAD "1"
Shape Roundrect Layer front
position -0.035925  0.000000  size  0.038386  0.037402  orientation 0.00
drill  0.000000
shape_offset  0.000000  0.000000
$EndPAD
$EndMODULE  R5

$MODULE "R8"
reference "R8"
value "Fuse 100/250mA"
footprint "Resistor_SMD:R_0603_1608Metric_Pad0.98x0.95mm_HandSolder"
attribut smd
position  5.837071  4.355803  orientation 0.00
layer front
$PAD "2"
Shape Roundrect Layer front
position  0.035925  0.000000  size  0.038386  0.037402  orientation 0.00
drill  0.000000
shape_offset  0.000000  0.000000
$EndPAD
$PAD "1"
Shape Roundrect Layer front
position -0.035925  0.000000  size  0.038386  0.037402  orientation 0.00
drill  0.000000
shape_offset  0.000000  0.000000
$EndPAD
$EndMODULE  R8

$MODULE "U2"
reference "U2"
value "12v Boost"
footprint "RS485_Mayfly:POLOLU_REG"
attribut none
position  5.878996  4.181803  orientation 90.00
layer back
$PAD "VOUT"
Shape Circle Layer both
position -0.100000  0.000000  size  0.060000  0.060000  orientation 0.00
drill  0.040000
shape_offset  0.000000  0.000000
$EndPAD
$PAD "GND"
Shape Circle Layer both
position  0.000000  0.000000  size  0.060000  0.060000  orientation 0.00
drill  0.040000
shape_offset  0.000000  0.000000
$EndPAD
$PAD "VIN"
Shape Circle Layer both
position  0.100000  0.000000  size  0.060000  0.060000  orientation 0.00
drill  0.040000
shape_offset  0.000000  0.000000
$EndPAD
$EndMODULE  U2

$MODULE "J1"
reference "J1"
value "TWIG-2.0-DIP"
footprint "RS485_Mayfly:2.0_1X4"
attribut none
position  5.377996  3.888803  orientation 180.00
layer front
$PAD "4"
Shape Circle Layer both
position  0.118110  0.000000  size  0.050000  0.050000  orientation 0.00
drill  0.031496
shape_offset  0.000000  0.000000
$EndPAD
$PAD "3"
Shape Circle Layer both
position  0.039370  0.000000  size  0.050000  0.050000  orientation 0.00
drill  0.031496
shape_offset  0.000000  0.000000
$EndPAD
$PAD "2"
Shape Circle Layer both
position -0.039370  0.000000  size  0.050000  0.050000  orientation 0.00
drill  0.031496
shape_offset  0.000000  0.000000
$EndPAD
$PAD "1"
Shape Rect Layer both
position -0.118110  0.000000  size  0.050000  0.050000  orientation 0.00
drill  0.031496
shape_offset  0.000000  0.000000
$EndPAD
$EndMODULE  J1

$MODULE "LED1"
reference "LED1"
value "APBD3224SURKCGKC-F01"
footprint "RS485_Mayfly:LED_Kingbright_APBD3224SURKCGKC-F01"
attribut smd
position  6.164996  4.339803  orientation 180.00
layer front
$PAD "2"
Shape Rect Layer front
position  0.062992 -0.027559  size  0.062992  0.031496  orientation 0.00
drill  0.000000
shape_offset  0.000000  0.000000
$EndPAD
$PAD "3"
Shape Rect Layer front
position -0.062992  0.027559  size  0.062992  0.031496  orientation 0.00
drill  0.000000
shape_offset  0.000000  0.000000
$EndPAD
$PAD "4"
Shape Rect Layer front
position  0.062992  0.027559  size  0.062992  0.031496  orientation 0.00
drill  0.000000
shape_offset  0.000000  0.000000
$EndPAD
$PAD "1"
Shape Rect Layer front
position -0.062992 -0.027559  size  0.062992  0.031496  orientation 0.00
drill  0.000000
shape_offset  0.000000  0.000000
$EndPAD
$EndMODULE  LED1

$MODULE "R7"
reference "R7"
value "120R"
footprint "Resistor_SMD:R_0603_1608Metric_Pad0.98x0.95mm_HandSolder"
attribut smd
position  5.986996  4.259803  orientation 0.00
layer front
$PAD "2"
Shape Roundrect Layer front
position  0.035925  0.000000  size  0.038386  0.037402  orientation 0.00
drill  0.000000
shape_offset  0.000000  0.000000
$EndPAD
$PAD "1"
Shape Roundrect Layer front
position -0.035925  0.000000  size  0.038386  0.037402  orientation 0.00
drill  0.000000
shape_offset  0.000000  0.000000
$EndPAD
$EndMODULE  R7

$MODULE "R6"
reference "R6"
value "120R"
footprint "Resistor_SMD:R_0603_1608Metric_Pad0.98x0.95mm_HandSolder"
attribut smd
position  5.971071  4.365803  orientation 0.00
layer front
$PAD "2"
Shape Roundrect Layer front
position  0.035925  0.000000  size  0.038386  0.037402  orientation 0.00
drill  0.000000
shape_offset  0.000000  0.000000
$EndPAD
$PAD "1"
Shape Roundrect Layer front
position -0.035925  0.000000  size  0.038386  0.037402  orientation 0.00
drill  0.000000
shape_offset  0.000000  0.000000
$EndPAD
$EndMODULE  R6

$MODULE "J10"
reference "J10"
value "2mm jumper"
footprint "Connector_PinHeader_2.00mm:PinHeader_1x02_P2.00mm_Vertical"
attribut none
position  6.625000  4.547500  orientation 270.00
layer front
$PAD "2"
Shape Oval Layer both
position  0.000000  0.078740  size  0.053150  0.053150  orientation 0.00
drill  0.031496
shape_offset  0.000000  0.000000
$EndPAD
$PAD "1"
Shape Rect Layer both
position  0.000000  0.000000  size  0.053150  0.053150  orientation 0.00
drill  0.031496
shape_offset  0.000000  0.000000
$EndPAD
$EndMODULE  J10

$MODULE "C7"
reference "C7"
value "u1F/0603"
footprint "Capacitor_SMD:C_0603_1608Metric"
attribut smd
position  5.725000  4.290000  orientation 180.00
layer front
$PAD "2"
Shape Roundrect Layer front
position  0.030512  0.000000  size  0.035433  0.037402  orientation 0.00
drill  0.000000
shape_offset  0.000000  0.000000
$EndPAD
$PAD "1"
Shape Roundrect Layer front
position -0.030512  0.000000  size  0.035433  0.037402  orientation 0.00
drill  0.000000
shape_offset  0.000000  0.000000
$EndPAD
$EndMODULE  C7

$MODULE "U4"
reference "U4"
value "SN74LVC2G34DCK3"
footprint "RS485_Mayfly:SC-70-6_DCK(R-PDSO-G6)"
attribut smd
position  5.585709  4.287500  orientation 0.00
layer front
$PAD "6"
Shape Rect Layer front
position  0.044291 -0.025591  size  0.015748  0.033465  orientation 90.00
drill  0.000000
shape_offset  0.000000  0.000000
$EndPAD
$PAD "5"
Shape Rect Layer front
position  0.044291  0.000000  size  0.015748  0.033465  orientation 90.00
drill  0.000000
shape_offset  0.000000  0.000000
$EndPAD
$PAD "4"
Shape Rect Layer front
position  0.044291  0.025591  size  0.015748  0.033465  orientation 90.00
drill  0.000000
shape_offset  0.000000  0.000000
$EndPAD
$PAD "3"
Shape Rect Layer front
position -0.044291  0.025591  size  0.015748  0.033465  orientation 90.00
drill  0.000000
shape_offset  0.000000  0.000000
$EndPAD
$PAD "2"
Shape Rect Layer front
position -0.044291  0.000000  size  0.015748  0.033465  orientation 90.00
drill  0.000000
shape_offset  0.000000  0.000000
$EndPAD
$PAD "1"
Shape Rect Layer front
position -0.044291 -0.025591  size  0.015748  0.033465  orientation 90.00
drill  0.000000
shape_offset  0.000000  0.000000
$EndPAD
$EndMODULE  U4

$MODULE "C6"
reference "C6"
value "u1F/0603"
footprint "Capacitor_SMD:C_0603_1608Metric"
attribut smd
position  5.105512  4.087500  orientation 0.00
layer front
$PAD "2"
Shape Roundrect Layer front
position  0.030512  0.000000  size  0.035433  0.037402  orientation 0.00
drill  0.000000
shape_offset  0.000000  0.000000
$EndPAD
$PAD "1"
Shape Roundrect Layer front
position -0.030512  0.000000  size  0.035433  0.037402  orientation 0.00
drill  0.000000
shape_offset  0.000000  0.000000
$EndPAD
$EndMODULE  C6

$MODULE "C5"
reference "C5"
value "u1F/0603"
footprint "Capacitor_SMD:C_0603_1608Metric"
attribut smd
position  6.580000  3.994488  orientation 270.00
layer front
$PAD "2"
Shape Roundrect Layer front
position  0.030512  0.000000  size  0.035433  0.037402  orientation 0.00
drill  0.000000
shape_offset  0.000000  0.000000
$EndPAD
$PAD "1"
Shape Roundrect Layer front
position -0.030512  0.000000  size  0.035433  0.037402  orientation 0.00
drill  0.000000
shape_offset  0.000000  0.000000
$EndPAD
$EndMODULE  C5

$MODULE "C4"
reference "C4"
value "u1F/0603"
footprint "Capacitor_SMD:C_0603_1608Metric"
attribut smd
position  6.442484  4.345803  orientation 0.00
layer front
$PAD "2"
Shape Roundrect Layer front
position  0.030512  0.000000  size  0.035433  0.037402  orientation 0.00
drill  0.000000
shape_offset  0.000000  0.000000
$EndPAD
$PAD "1"
Shape Roundrect Layer front
position -0.030512  0.000000  size  0.035433  0.037402  orientation 0.00
drill  0.000000
shape_offset  0.000000  0.000000
$EndPAD
$EndMODULE  C4

$MODULE "C3"
reference "C3"
value "1uF/0603"
footprint "Capacitor_SMD:C_0603_1608Metric"
attribut smd
position  5.415512  4.185000  orientation 180.00
layer front
$PAD "2"
Shape Roundrect Layer front
position  0.030512  0.000000  size  0.035433  0.037402  orientation 0.00
drill  0.000000
shape_offset  0.000000  0.000000
$EndPAD
$PAD "1"
Shape Roundrect Layer front
position -0.030512  0.000000  size  0.035433  0.037402  orientation 0.00
drill  0.000000
shape_offset  0.000000  0.000000
$EndPAD
$EndMODULE  C3

$MODULE "C2"
reference "C2"
value "u1F/0603"
footprint "Capacitor_SMD:C_0603_1608Metric"
attribut smd
position  5.316996  4.116315  orientation 270.00
layer front
$PAD "2"
Shape Roundrect Layer front
position  0.030512  0.000000  size  0.035433  0.037402  orientation 0.00
drill  0.000000
shape_offset  0.000000  0.000000
$EndPAD
$PAD "1"
Shape Roundrect Layer front
position -0.030512  0.000000  size  0.035433  0.037402  orientation 0.00
drill  0.000000
shape_offset  0.000000  0.000000
$EndPAD
$EndMODULE  C2

$MODULE "R4"
reference "R4"
value "120R"
footprint "Resistor_SMD:R_0603_1608Metric_Pad0.98x0.95mm_HandSolder"
attribut smd
position  6.447500  4.530925  orientation 270.00
layer front
$PAD "2"
Shape Roundrect Layer front
position  0.035925  0.000000  size  0.038386  0.037402  orientation 0.00
drill  0.000000
shape_offset  0.000000  0.000000
$EndPAD
$PAD "1"
Shape Roundrect Layer front
position -0.035925  0.000000  size  0.038386  0.037402  orientation 0.00
drill  0.000000
shape_offset  0.000000  0.000000
$EndPAD
$EndMODULE  R4

$MODULE "R3"
reference "R3"
value "649R"
footprint "Resistor_SMD:R_0603_1608Metric_Pad0.98x0.95mm_HandSolder"
attribut smd
position  6.588075  4.457000  orientation 0.00
layer front
$PAD "2"
Shape Roundrect Layer front
position  0.035925  0.000000  size  0.038386  0.037402  orientation 0.00
drill  0.000000
shape_offset  0.000000  0.000000
$EndPAD
$PAD "1"
Shape Roundrect Layer front
position -0.035925  0.000000  size  0.038386  0.037402  orientation 0.00
drill  0.000000
shape_offset  0.000000  0.000000
$EndPAD
$EndMODULE  R3

$MODULE "R2"
reference "R2"
value "649R"
footprint "Resistor_SMD:R_0603_1608Metric_Pad0.98x0.95mm_HandSolder"
attribut smd
position  6.590000  4.371500  orientation 0.00
layer front
$PAD "2"
Shape Roundrect Layer front
position  0.035925  0.000000  size  0.038386  0.037402  orientation 0.00
drill  0.000000
shape_offset  0.000000  0.000000
$EndPAD
$PAD "1"
Shape Roundrect Layer front
position -0.035925  0.000000  size  0.038386  0.037402  orientation 0.00
drill  0.000000
shape_offset  0.000000  0.000000
$EndPAD
$EndMODULE  R2

$MODULE "J11"
reference "J11"
value "GND Wire"
footprint "Connector_Pin:Pin_D1.0mm_L10.0mm_LooseFit"
attribut none
position  6.646996  3.697803  orientation 0.00
layer front
$PAD "1"
Shape Circle Layer both
position  0.000000  0.000000  size  0.094488  0.094488  orientation 0.00
drill  0.047244
shape_offset  0.000000  0.000000
$EndPAD
$EndMODULE  J11

$MODULE "J9"
reference "J9"
value "Conn_01x02"
footprint "RS485_Mayfly:B2B-PH-K-SLFSN"
attribut none
position  5.062996  3.934803  orientation 270.00
layer front
$PAD "2"
Shape Circle Layer both
position -0.078740  0.000000  size  0.052000  0.052000  orientation 0.00
drill  0.032000
shape_offset  0.000000  0.000000
$EndPAD
$PAD "1"
Shape Circle Layer both
position  0.000000  0.000000  size  0.052000  0.052000  orientation 0.00
drill  0.032000
shape_offset  0.000000  0.000000
$EndPAD
$EndMODULE  J9

$MODULE "C1"
reference "C1"
value "CPOL-EUE2,5-6E"
footprint "RS485_Mayfly:E2,5-6E"
attribut none
position  5.632996  4.133803  orientation 270.00
layer back
$PAD "+"
Shape Circle Layer both
position -0.050000  0.000000  size  0.062000  0.062000  orientation 0.00
drill  0.032000
shape_offset  0.000000  0.000000
$EndPAD
$PAD "-"
Shape Circle Layer both
position  0.050000  0.000000  size  0.062000  0.062000  orientation 0.00
drill  0.032000
shape_offset  0.000000  0.000000
$EndPAD
$EndMODULE  C1

$MODULE "J8"
reference "J8"
value "Conn_01x02"
footprint "RS485_Mayfly:B2B-PH-K-SLFSN"
attribut none
position  5.160996  4.527803  orientation 270.00
layer front
$PAD "2"
Shape Circle Layer both
position -0.078740  0.000000  size  0.052000  0.052000  orientation 0.00
drill  0.032000
shape_offset  0.000000  0.000000
$EndPAD
$PAD "1"
Shape Circle Layer both
position  0.000000  0.000000  size  0.052000  0.052000  orientation 0.00
drill  0.032000
shape_offset  0.000000  0.000000
$EndPAD
$EndMODULE  J8

$MODULE "U1"
reference "U1"
value "MAX22025AWA+"
footprint "RS485_Mayfly:MAX22025AWA&plus_"
attribut none
position  6.411000  4.175000  orientation 0.00
layer front
$PAD "8"
Shape Rect Layer front
position  0.144000 -0.075000  size  0.058000  0.022000  orientation 0.00
drill  0.000000
shape_offset  0.000000  0.000000
$EndPAD
$PAD "7"
Shape Rect Layer front
position  0.144000 -0.025000  size  0.058000  0.022000  orientation 0.00
drill  0.000000
shape_offset  0.000000  0.000000
$EndPAD
$PAD "6"
Shape Rect Layer front
position  0.144000  0.025000  size  0.058000  0.022000  orientation 0.00
drill  0.000000
shape_offset  0.000000  0.000000
$EndPAD
$PAD "5"
Shape Rect Layer front
position  0.144000  0.075000  size  0.058000  0.022000  orientation 0.00
drill  0.000000
shape_offset  0.000000  0.000000
$EndPAD
$PAD "4"
Shape Rect Layer front
position -0.144000  0.075000  size  0.058000  0.022000  orientation 0.00
drill  0.000000
shape_offset  0.000000  0.000000
$EndPAD
$PAD "3"
Shape Rect Layer front
position -0.144000  0.025000  size  0.058000  0.022000  orientation 0.00
drill  0.000000
shape_offset  0.000000  0.000000
$EndPAD
$PAD "2"
Shape Rect Layer front
position -0.144000 -0.025000  size  0.058000  0.022000  orientation 0.00
drill  0.000000
shape_offset  0.000000  0.000000
$EndPAD
$PAD "1"
Shape Rect Layer front
position -0.144000 -0.075000  size  0.058000  0.022000  orientation 0.00
drill  0.000000
shape_offset  0.000000  0.000000
$EndPAD
$EndMODULE  U1

$MODULE "U3"
reference "U3"
value "SiP32431DR3 0.1mS TurnOn"
footprint "Package_TO_SOT_SMD:SOT-363_SC-70-6"
attribut smd
position  5.420000  4.095000  orientation 180.00
layer front
$PAD "6"
Shape Rect Layer front
position  0.037402 -0.025591  size  0.025591  0.015748  orientation 0.00
drill  0.000000
shape_offset  0.000000  0.000000
$EndPAD
$PAD "4"
Shape Rect Layer front
position  0.037402  0.025591  size  0.025591  0.015748  orientation 0.00
drill  0.000000
shape_offset  0.000000  0.000000
$EndPAD
$PAD "2"
Shape Rect Layer front
position -0.037402  0.000000  size  0.025591  0.015748  orientation 0.00
drill  0.000000
shape_offset  0.000000  0.000000
$EndPAD
$PAD "5"
Shape Rect Layer front
position  0.037402  0.000000  size  0.025591  0.015748  orientation 0.00
drill  0.000000
shape_offset  0.000000  0.000000
$EndPAD
$PAD "3"
Shape Rect Layer front
position -0.037402  0.025591  size  0.025591  0.015748  orientation 0.00
drill  0.000000
shape_offset  0.000000  0.000000
$EndPAD
$PAD "1"
Shape Rect Layer front
position -0.037402 -0.025591  size  0.025591  0.015748  orientation 0.00
drill  0.000000
shape_offset  0.000000  0.000000
$EndPAD
$EndMODULE  U3

$MODULE "J2"
reference "J2"
value "TWIG-2.0-DIP"
footprint "RS485_Mayfly:2.0_1X4"
attribut none
position  5.847996  3.888803  orientation 180.00
layer front
$PAD "4"
Shape Circle Layer both
position  0.118110  0.000000  size  0.050000  0.050000  orientation 0.00
drill  0.031496
shape_offset  0.000000  0.000000
$EndPAD
$PAD "3"
Shape Circle Layer both
position  0.039370  0.000000  size  0.050000  0.050000  orientation 0.00
drill  0.031496
shape_offset  0.000000  0.000000
$EndPAD
$PAD "2"
Shape Circle Layer both
position -0.039370  0.000000  size  0.050000  0.050000  orientation 0.00
drill  0.031496
shape_offset  0.000000  0.000000
$EndPAD
$PAD "1"
Shape Rect Layer both
position -0.118110  0.000000  size  0.050000  0.050000  orientation 0.00
drill  0.031496
shape_offset  0.000000  0.000000
$EndPAD
$EndMODULE  J2

$MODULE "J4"
reference "J4"
value "CONN_10X2"
footprint "RS485_Mayfly:2X10"
attribut none
position  5.392996  4.453803  orientation 0.00
layer back
$PAD "20"
Shape Circle Layer both
position  0.900000  0.100000  size  0.074000  0.074000  orientation 0.00
drill  0.040000
shape_offset  0.000000  0.000000
$EndPAD
$PAD "19"
Shape Circle Layer both
position  0.900000  0.000000  size  0.074000  0.074000  orientation 0.00
drill  0.040000
shape_offset  0.000000  0.000000
$EndPAD
$PAD "18"
Shape Circle Layer both
position  0.800000  0.100000  size  0.074000  0.074000  orientation 0.00
drill  0.040000
shape_offset  0.000000  0.000000
$EndPAD
$PAD "17"
Shape Circle Layer both
position  0.800000  0.000000  size  0.074000  0.074000  orientation 0.00
drill  0.040000
shape_offset  0.000000  0.000000
$EndPAD
$PAD "16"
Shape Circle Layer both
position  0.700000  0.100000  size  0.074000  0.074000  orientation 0.00
drill  0.040000
shape_offset  0.000000  0.000000
$EndPAD
$PAD "15"
Shape Circle Layer both
position  0.700000  0.000000  size  0.074000  0.074000  orientation 0.00
drill  0.040000
shape_offset  0.000000  0.000000
$EndPAD
$PAD "14"
Shape Circle Layer both
position  0.600000  0.100000  size  0.074000  0.074000  orientation 0.00
drill  0.040000
shape_offset  0.000000  0.000000
$EndPAD
$PAD "13"
Shape Circle Layer both
position  0.600000  0.000000  size  0.074000  0.074000  orientation 0.00
drill  0.040000
shape_offset  0.000000  0.000000
$EndPAD
$PAD "12"
Shape Circle Layer both
position  0.500000  0.100000  size  0.074000  0.074000  orientation 0.00
drill  0.040000
shape_offset  0.000000  0.000000
$EndPAD
$PAD "11"
Shape Circle Layer both
position  0.500000  0.000000  size  0.074000  0.074000  orientation 0.00
drill  0.040000
shape_offset  0.000000  0.000000
$EndPAD
$PAD "10"
Shape Circle Layer both
position  0.400000  0.100000  size  0.074000  0.074000  orientation 0.00
drill  0.040000
shape_offset  0.000000  0.000000
$EndPAD
$PAD "9"
Shape Circle Layer both
position  0.400000  0.000000  size  0.074000  0.074000  orientation 0.00
drill  0.040000
shape_offset  0.000000  0.000000
$EndPAD
$PAD "8"
Shape Circle Layer both
position  0.300000  0.100000  size  0.074000  0.074000  orientation 0.00
drill  0.040000
shape_offset  0.000000  0.000000
$EndPAD
$PAD "7"
Shape Circle Layer both
position  0.300000  0.000000  size  0.074000  0.074000  orientation 0.00
drill  0.040000
shape_offset  0.000000  0.000000
$EndPAD
$PAD "6"
Shape Circle Layer both
position  0.200000  0.100000  size  0.074000  0.074000  orientation 0.00
drill  0.040000
shape_offset  0.000000  0.000000
$EndPAD
$PAD "5"
Shape Circle Layer both
position  0.200000  0.000000  size  0.074000  0.074000  orientation 0.00
drill  0.040000
shape_offset  0.000000  0.000000
$EndPAD
$PAD "4"
Shape Circle Layer both
position  0.100000  0.100000  size  0.074000  0.074000  orientation 0.00
drill  0.040000
shape_offset  0.000000  0.000000
$EndPAD
$PAD "3"
Shape Circle Layer both
position  0.100000  0.000000  size  0.074000  0.074000  orientation 0.00
drill  0.040000
shape_offset  0.000000  0.000000
$EndPAD
$PAD "2"
Shape Circle Layer both
position  0.000000  0.100000  size  0.074000  0.074000  orientation 0.00
drill  0.040000
shape_offset  0.000000  0.000000
$EndPAD
$PAD "1"
Shape Circle Layer both
position  0.000000  0.000000  size  0.074000  0.074000  orientation 0.00
drill  0.040000
shape_offset  0.000000  0.000000
$EndPAD
$EndMODULE  J4

$MODULE "J3"
reference "J3"
value "TWIG-2.0-DIP"
footprint "RS485_Mayfly:2.0_1X4"
attribut none
position  6.317996  3.888803  orientation 180.00
layer front
$PAD "4"
Shape Circle Layer both
position  0.118110  0.000000  size  0.050000  0.050000  orientation 0.00
drill  0.031496
shape_offset  0.000000  0.000000
$EndPAD
$PAD "3"
Shape Circle Layer both
position  0.039370  0.000000  size  0.050000  0.050000  orientation 0.00
drill  0.031496
shape_offset  0.000000  0.000000
$EndPAD
$PAD "2"
Shape Circle Layer both
position -0.039370  0.000000  size  0.050000  0.050000  orientation 0.00
drill  0.031496
shape_offset  0.000000  0.000000
$EndPAD
$PAD "1"
Shape Rect Layer both
position -0.118110  0.000000  size  0.050000  0.050000  orientation 0.00
drill  0.031496
shape_offset  0.000000  0.000000
$EndPAD
$EndMODULE  J3

$MODULE "J5"
reference "J5"
value "CONN_42.54_NOSILK"
footprint "RS485_Mayfly:1X04_NOSILK"
attribut none
position  5.377996  3.773803  orientation 180.00
layer front
$PAD "4"
Shape Circle Layer both
position  0.150000  0.000000  size  0.060000  0.060000  orientation 90.00
drill  0.040000
shape_offset  0.000000  0.000000
$EndPAD
$PAD "3"
Shape Circle Layer both
position  0.050000  0.000000  size  0.060000  0.060000  orientation 90.00
drill  0.040000
shape_offset  0.000000  0.000000
$EndPAD
$PAD "2"
Shape Circle Layer both
position -0.050000  0.000000  size  0.060000  0.060000  orientation 90.00
drill  0.040000
shape_offset  0.000000  0.000000
$EndPAD
$PAD "1"
Shape Circle Layer both
position -0.150000  0.000000  size  0.060000  0.060000  orientation 90.00
drill  0.040000
shape_offset  0.000000  0.000000
$EndPAD
$EndMODULE  J5

$MODULE "J6"
reference "J6"
value "CONN_42.54_NOSILK"
footprint "RS485_Mayfly:1X04_NOSILK"
attribut none
position  5.847996  3.773803  orientation 180.00
layer front
$PAD "4"
Shape Circle Layer both
position  0.150000  0.000000  size  0.060000  0.060000  orientation 90.00
drill  0.040000
shape_offset  0.000000  0.000000
$EndPAD
$PAD "3"
Shape Circle Layer both
position  0.050000  0.000000  size  0.060000  0.060000  orientation 90.00
drill  0.040000
shape_offset  0.000000  0.000000
$EndPAD
$PAD "2"
Shape Circle Layer both
position -0.050000  0.000000  size  0.060000  0.060000  orientation 90.00
drill  0.040000
shape_offset  0.000000  0.000000
$EndPAD
$PAD "1"
Shape Circle Layer both
position -0.150000  0.000000  size  0.060000  0.060000  orientation 90.00
drill  0.040000
shape_offset  0.000000  0.000000
$EndPAD
$EndMODULE  J6

$MODULE "J7"
reference "J7"
value "CONN_42.54_NOSILK"
footprint "RS485_Mayfly:1X04_NOSILK"
attribut none
position  6.317996  3.773803  orientation 180.00
layer front
$PAD "4"
Shape Circle Layer both
position  0.150000  0.000000  size  0.060000  0.060000  orientation 90.00
drill  0.040000
shape_offset  0.000000  0.000000
$EndPAD
$PAD "3"
Shape Circle Layer both
position  0.050000  0.000000  size  0.060000  0.060000  orientation 90.00
drill  0.040000
shape_offset  0.000000  0.000000
$EndPAD
$PAD "2"
Shape Circle Layer both
position -0.050000  0.000000  size  0.060000  0.060000  orientation 90.00
drill  0.040000
shape_offset  0.000000  0.000000
$EndPAD
$PAD "1"
Shape Circle Layer both
position -0.150000  0.000000  size  0.060000  0.060000  orientation 90.00
drill  0.040000
shape_offset  0.000000  0.000000
$EndPAD
$EndMODULE  J7

$MODULE "JP1"
reference "JP1"
value "JUMPER-SMT_2_NO_SILK"
footprint "RS485_Mayfly:SMT-JUMPER_2_NO_SILK"
attribut none
position  5.992996  4.183803  orientation 90.00
layer back
$PAD "2"
Shape Rect Layer back
position  0.016000  0.000000  size  0.025000  0.050000  orientation 0.00
drill  0.000000
shape_offset  0.000000  0.000000
$EndPAD
$PAD "1"
Shape Rect Layer back
position -0.016000  0.000000  size  0.025000  0.050000  orientation 0.00
drill  0.000000
shape_offset  0.000000  0.000000
$EndPAD
$EndMODULE  JP1

$MODULE "LOGO1"
reference "LOGO1"
value "OSHW-LOGOMINI"
footprint "RS485_Mayfly:OSHW-LOGO-MINI"
attribut none
position  5.380000  4.325000  orientation 0.00
layer front
$EndMODULE  LOGO1

$MODULE "R1"
reference "R1"
value "zero"
footprint "Resistor_SMD:R_0603_1608Metric_Pad0.98x0.95mm_HandSolder"
attribut smd
position  5.990925  4.095000  orientation 180.00
layer front
$PAD "1"
Shape Roundrect Layer front
position -0.035925  0.000000  size  0.038386  0.037402  orientation 0.00
drill  0.000000
shape_offset  0.000000  0.000000
$EndPAD
$PAD "2"
Shape Roundrect Layer front
position  0.035925  0.000000  size  0.038386  0.037402  orientation 0.00
drill  0.000000
shape_offset  0.000000  0.000000
$EndPAD
$EndMODULE  R1

$EndDESCRIPTION
